2026-01-17 13:22:27,090 - experiment - INFO - ======================================================================
2026-01-17 13:22:27,090 - experiment - INFO - EXPERIMENT STARTED
2026-01-17 13:22:27,090 - experiment - INFO - ======================================================================
2026-01-17 13:22:27,090 - experiment - INFO -   dataset: cocomo81
2026-01-17 13:22:27,090 - experiment - INFO -   cv_type: kfold
2026-01-17 13:22:27,090 - experiment - INFO -   n_splits: 5
2026-01-17 13:22:27,090 - experiment - INFO -   timestamp: 20260117_132227
2026-01-17 13:22:27,090 - experiment - INFO - ----------------------------------------------------------------------
2026-01-17 13:22:27,090 - experiment - INFO - Loading dataset: cocomo81
2026-01-17 13:22:27,092 - experiment - INFO -   Samples: 63, Features: 16
2026-01-17 13:22:27,092 - experiment - INFO - Preprocessing data...
2026-01-17 13:22:27,095 - experiment - INFO - Setting up KFOLD cross-validation
2026-01-17 13:22:27,096 - experiment - INFO - Evaluating individual models...
2026-01-17 13:22:27,096 - experiment - INFO -   Evaluating CBR...
2026-01-17 13:22:27,098 - experiment - INFO - Model: CBR
2026-01-17 13:22:27,098 - experiment - INFO -   MAE: 647.9270
2026-01-17 13:22:27,098 - experiment - INFO -   RMSE: 1757.7825
2026-01-17 13:22:27,098 - experiment - INFO -   MMRE: 3.5601
2026-01-17 13:22:27,098 - experiment - INFO -   MdMRE: 0.9255
2026-01-17 13:22:27,098 - experiment - INFO -   PRED(0.25): 0.1746
2026-01-17 13:22:27,098 - experiment - INFO -   PRED(0.30): 0.1746
2026-01-17 13:22:27,098 - experiment - INFO -   Training_Time: 0.0000
2026-01-17 13:22:27,098 - experiment - INFO -   Evaluating COCOMO...
2026-01-17 13:25:03,023 - experiment - INFO - Model: COCOMO
2026-01-17 13:25:03,023 - experiment - INFO -   MAE: 549.1565
2026-01-17 13:25:03,023 - experiment - INFO -   RMSE: 1596.9924
2026-01-17 13:25:03,023 - experiment - INFO -   MMRE: 1.5239
2026-01-17 13:25:03,023 - experiment - INFO -   MdMRE: 0.7510
2026-01-17 13:25:03,023 - experiment - INFO -   PRED(0.25): 0.1270
2026-01-17 13:25:03,023 - experiment - INFO -   PRED(0.30): 0.1587
2026-01-17 13:25:03,023 - experiment - INFO -   Training_Time: 30.6933
2026-01-17 13:25:03,023 - experiment - INFO -   Evaluating ANN...
2026-01-17 13:27:10,543 - experiment - INFO - Model: ANN
2026-01-17 13:27:10,543 - experiment - INFO -   MAE: 522.8697
2026-01-17 13:27:10,543 - experiment - INFO -   RMSE: 1520.7828
2026-01-17 13:27:10,543 - experiment - INFO -   MMRE: 1.5982
2026-01-17 13:27:10,543 - experiment - INFO -   MdMRE: 0.6835
2026-01-17 13:27:10,543 - experiment - INFO -   PRED(0.25): 0.1270
2026-01-17 13:27:10,543 - experiment - INFO -   PRED(0.30): 0.1905
2026-01-17 13:27:10,543 - experiment - INFO -   Training_Time: 24.9390
2026-01-17 13:27:10,543 - experiment - INFO -   Evaluating KNN...
2026-01-17 13:27:10,598 - experiment - INFO - Model: KNN
2026-01-17 13:27:10,598 - experiment - INFO -   MAE: 591.1870
2026-01-17 13:27:10,599 - experiment - INFO -   RMSE: 1672.8291
2026-01-17 13:27:10,599 - experiment - INFO -   MMRE: 3.4547
2026-01-17 13:27:10,599 - experiment - INFO -   MdMRE: 0.9101
2026-01-17 13:27:10,599 - experiment - INFO -   PRED(0.25): 0.0952
2026-01-17 13:27:10,599 - experiment - INFO -   PRED(0.30): 0.1270
2026-01-17 13:27:10,599 - experiment - INFO -   Training_Time: 0.0004
2026-01-17 13:27:10,599 - experiment - INFO -   Evaluating XGBoost...
2026-01-17 13:27:11,403 - experiment - INFO - Model: XGBoost
2026-01-17 13:27:11,403 - experiment - INFO -   MAE: 471.0990
2026-01-17 13:27:11,403 - experiment - INFO -   RMSE: 1403.2917
2026-01-17 13:27:11,403 - experiment - INFO -   MMRE: 1.1282
2026-01-17 13:27:11,403 - experiment - INFO -   MdMRE: 0.6803
2026-01-17 13:27:11,403 - experiment - INFO -   PRED(0.25): 0.2222
2026-01-17 13:27:11,403 - experiment - INFO -   PRED(0.30): 0.2540
2026-01-17 13:27:11,403 - experiment - INFO -   Training_Time: 0.1469
2026-01-17 13:27:11,403 - experiment - INFO -   Evaluating SVR...
2026-01-17 13:27:11,408 - experiment - INFO - Model: SVR
2026-01-17 13:27:11,408 - experiment - INFO -   MAE: 618.9100
2026-01-17 13:27:11,408 - experiment - INFO -   RMSE: 1870.5102
2026-01-17 13:27:11,408 - experiment - INFO -   MMRE: 2.3097
2026-01-17 13:27:11,408 - experiment - INFO -   MdMRE: 0.9023
2026-01-17 13:27:11,408 - experiment - INFO -   PRED(0.25): 0.0794
2026-01-17 13:27:11,408 - experiment - INFO -   PRED(0.30): 0.0952
2026-01-17 13:27:11,408 - experiment - INFO -   Training_Time: 0.0006
2026-01-17 13:27:11,408 - experiment - INFO -   Evaluating LinearRegression...
2026-01-17 13:27:11,412 - experiment - INFO - Model: LinearRegression
2026-01-17 13:27:11,412 - experiment - INFO -   MAE: 1051.2297
2026-01-17 13:27:11,412 - experiment - INFO -   RMSE: 1783.4885
2026-01-17 13:27:11,412 - experiment - INFO -   MMRE: 19.9126
2026-01-17 13:27:11,412 - experiment - INFO -   MdMRE: 4.2224
2026-01-17 13:27:11,412 - experiment - INFO -   PRED(0.25): 0.0794
2026-01-17 13:27:11,412 - experiment - INFO -   PRED(0.30): 0.0952
2026-01-17 13:27:11,412 - experiment - INFO -   Training_Time: 0.0005
2026-01-17 13:27:11,413 - experiment - INFO - Evaluating ensemble models...
2026-01-17 13:27:11,439 - experiment - INFO -   Evaluating CBR_COCOMO_ANN...
2026-01-17 13:31:47,130 - experiment - INFO - Model: CBR_COCOMO_ANN
2026-01-17 13:31:47,130 - experiment - INFO -   MAE: 548.4995
2026-01-17 13:31:47,130 - experiment - INFO -   RMSE: 1633.7746
2026-01-17 13:31:47,130 - experiment - INFO -   MMRE: 1.5396
2026-01-17 13:31:47,130 - experiment - INFO -   MdMRE: 0.7265
2026-01-17 13:31:47,130 - experiment - INFO -   PRED(0.25): 0.1587
2026-01-17 13:31:47,130 - experiment - INFO -   PRED(0.30): 0.1905
2026-01-17 13:31:47,130 - experiment - INFO -   Training_Time: 54.2156
2026-01-17 13:31:47,131 - experiment - INFO -   Evaluating CBR_COCOMO_KNN...
2026-01-17 13:34:27,542 - experiment - INFO - Model: CBR_COCOMO_KNN
2026-01-17 13:34:27,543 - experiment - INFO -   MAE: 551.5710
2026-01-17 13:34:27,543 - experiment - INFO -   RMSE: 1673.5252
2026-01-17 13:34:27,543 - experiment - INFO -   MMRE: 3.2427
2026-01-17 13:34:27,543 - experiment - INFO -   MdMRE: 0.8242
2026-01-17 13:34:27,543 - experiment - INFO -   PRED(0.25): 0.1746
2026-01-17 13:34:27,543 - experiment - INFO -   PRED(0.30): 0.2222
2026-01-17 13:34:27,543 - experiment - INFO -   Training_Time: 31.6242
2026-01-17 13:34:27,543 - experiment - INFO -   Evaluating CBR_COCOMO_XGBoost...
2026-01-17 13:36:59,689 - experiment - INFO - Model: CBR_COCOMO_XGBoost
2026-01-17 13:36:59,689 - experiment - INFO -   MAE: 524.3339
2026-01-17 13:36:59,689 - experiment - INFO -   RMSE: 1657.2665
2026-01-17 13:36:59,689 - experiment - INFO -   MMRE: 1.2554
2026-01-17 13:36:59,689 - experiment - INFO -   MdMRE: 0.6482
2026-01-17 13:36:59,689 - experiment - INFO -   PRED(0.25): 0.2540
2026-01-17 13:36:59,689 - experiment - INFO -   PRED(0.30): 0.2857
2026-01-17 13:36:59,689 - experiment - INFO -   Training_Time: 30.0054
2026-01-17 13:36:59,689 - experiment - INFO -   Evaluating CBR_COCOMO_SVR...
2026-01-17 13:39:05,373 - experiment - INFO - Model: CBR_COCOMO_SVR
2026-01-17 13:39:05,373 - experiment - INFO -   MAE: 593.6345
2026-01-17 13:39:05,373 - experiment - INFO -   RMSE: 1834.3512
2026-01-17 13:39:05,373 - experiment - INFO -   MMRE: 1.6045
2026-01-17 13:39:05,373 - experiment - INFO -   MdMRE: 0.8706
2026-01-17 13:39:05,373 - experiment - INFO -   PRED(0.25): 0.0794
2026-01-17 13:39:05,373 - experiment - INFO -   PRED(0.30): 0.1111
2026-01-17 13:39:05,373 - experiment - INFO -   Training_Time: 24.7480
2026-01-17 13:39:05,374 - experiment - INFO - ----------------------------------------------------------------------
2026-01-17 13:39:05,374 - experiment - INFO - EXPERIMENT COMPLETED
2026-01-17 13:39:05,374 - experiment - INFO - ----------------------------------------------------------------------
2026-01-17 13:39:05,374 - experiment - INFO -   best_individual_model: XGBoost
2026-01-17 13:39:05,374 - experiment - INFO -   best_individual_mae: 471.0990
2026-01-17 13:39:05,374 - experiment - INFO -   best_ensemble_model: CBR_COCOMO_XGBoost
2026-01-17 13:39:05,374 - experiment - INFO -   best_ensemble_mae: 524.3339
2026-01-17 13:39:05,374 - experiment - INFO -   improvement_percent: -11.3002
2026-01-17 13:39:05,374 - experiment - INFO - ======================================================================
2026-01-17 13:39:05,437 - experiment - INFO - Results saved to: /home/ailab/Work/noise_red/hetro/experiments/results/cocomo81_kfold_results.xlsx
